
> notes-app-frontend@0.1.0 build
> next build

  ▲ Next.js 14.2.35
  - Environments: .env.local

   Creating an optimized production build ...
 ✓ Compiled successfully
   Linting and checking validity of types ...
 ⨯ ESLint: Failed to load config "@typescript-eslint/recommended" to extend from. Referenced from: /home/arafat/My-folder/Projects/projet-web/Notes_App/frontend/.eslintrc.json
   Collecting page data ...
   Generating static pages (0/8) ...
Error: Only plain objects, and a few built-ins, can be passed to Client Components from Server Components. Classes or null prototypes are not supported.
    at e_ (/home/arafat/My-folder/Projects/projet-web/Notes_App/frontend/node_modules/next/dist/compiled/next-server/app-page.runtime.prod.js:12:139672)
    at Object.toJSON (/home/arafat/My-folder/Projects/projet-web/Notes_App/frontend/node_modules/next/dist/compiled/next-server/app-page.runtime.prod.js:12:135777)
    at stringify (<anonymous>)
    at eE (/home/arafat/My-folder/Projects/projet-web/Notes_App/frontend/node_modules/next/dist/compiled/next-server/app-page.runtime.prod.js:12:142242)
    at eT (/home/arafat/My-folder/Projects/projet-web/Notes_App/frontend/node_modules/next/dist/compiled/next-server/app-page.runtime.prod.js:12:142721)
    at AsyncLocalStorage.run (node:internal/async_local_storage/async_context_frame:63:14)
    at Timeout._onTimeout (/home/arafat/My-folder/Projects/projet-web/Notes_App/frontend/node_modules/next/dist/compiled/next-server/app-page.runtime.prod.js:12:150805)
    at listOnTimeout (node:internal/timers:605:17)
    at process.processTimers (node:internal/timers:541:7) {
  digest: '4044643400'
}
Error: Only plain objects, and a few built-ins, can be passed to Client Components from Server Components. Classes or null prototypes are not supported.
    at e_ (/home/arafat/My-folder/Projects/projet-web/Notes_App/frontend/node_modules/next/dist/compiled/next-server/app-page.runtime.prod.js:12:139672)
    at Object.toJSON (/home/arafat/My-folder/Projects/projet-web/Notes_App/frontend/node_modules/next/dist/compiled/next-server/app-page.runtime.prod.js:12:135777)
    at stringify (<anonymous>)
    at eE (/home/arafat/My-folder/Projects/projet-web/Notes_App/frontend/node_modules/next/dist/compiled/next-server/app-page.runtime.prod.js:12:142242)
    at eT (/home/arafat/My-folder/Projects/projet-web/Notes_App/frontend/node_modules/next/dist/compiled/next-server/app-page.runtime.prod.js:12:142721)
    at Timeout._onTimeout (/home/arafat/My-folder/Projects/projet-web/Notes_App/frontend/node_modules/next/dist/compiled/next-server/app-page.runtime.prod.js:12:135497)
    at listOnTimeout (node:internal/timers:605:17)
    at process.processTimers (node:internal/timers:541:7) {
  digest: '1553214380'
}
Error: Only plain objects, and a few built-ins, can be passed to Client Components from Server Components. Classes or null prototypes are not supported.
    at e_ (/home/arafat/My-folder/Projects/projet-web/Notes_App/frontend/node_modules/next/dist/compiled/next-server/app-page.runtime.prod.js:12:139672)
    at Object.toJSON (/home/arafat/My-folder/Projects/projet-web/Notes_App/frontend/node_modules/next/dist/compiled/next-server/app-page.runtime.prod.js:12:135777)
    at stringify (<anonymous>)
    at eE (/home/arafat/My-folder/Projects/projet-web/Notes_App/frontend/node_modules/next/dist/compiled/next-server/app-page.runtime.prod.js:12:142242)
    at eT (/home/arafat/My-folder/Projects/projet-web/Notes_App/frontend/node_modules/next/dist/compiled/next-server/app-page.runtime.prod.js:12:142721)
    at Timeout._onTimeout (/home/arafat/My-folder/Projects/projet-web/Notes_App/frontend/node_modules/next/dist/compiled/next-server/app-page.runtime.prod.js:12:135497)
    at listOnTimeout (node:internal/timers:605:17)
    at process.processTimers (node:internal/timers:541:7) {
  digest: '1553214380'
}
Error: Only plain objects, and a few built-ins, can be passed to Client Components from Server Components. Classes or null prototypes are not supported.
    at e_ (/home/arafat/My-folder/Projects/projet-web/Notes_App/frontend/node_modules/next/dist/compiled/next-server/app-page.runtime.prod.js:12:139672)
    at Object.toJSON (/home/arafat/My-folder/Projects/projet-web/Notes_App/frontend/node_modules/next/dist/compiled/next-server/app-page.runtime.prod.js:12:135777)
    at stringify (<anonymous>)
    at eE (/home/arafat/My-folder/Projects/projet-web/Notes_App/frontend/node_modules/next/dist/compiled/next-server/app-page.runtime.prod.js:12:142242)
    at eT (/home/arafat/My-folder/Projects/projet-web/Notes_App/frontend/node_modules/next/dist/compiled/next-server/app-page.runtime.prod.js:12:142721)
    at AsyncLocalStorage.run (node:internal/async_local_storage/async_context_frame:63:14)
    at Timeout._onTimeout (/home/arafat/My-folder/Projects/projet-web/Notes_App/frontend/node_modules/next/dist/compiled/next-server/app-page.runtime.prod.js:12:150805)
    at listOnTimeout (node:internal/timers:605:17)
    at process.processTimers (node:internal/timers:541:7) {
  digest: '4044643400'
}
Error: Only plain objects, and a few built-ins, can be passed to Client Components from Server Components. Classes or null prototypes are not supported.
    at e_ (/home/arafat/My-folder/Projects/projet-web/Notes_App/frontend/node_modules/next/dist/compiled/next-server/app-page.runtime.prod.js:12:139672)
    at Object.toJSON (/home/arafat/My-folder/Projects/projet-web/Notes_App/frontend/node_modules/next/dist/compiled/next-server/app-page.runtime.prod.js:12:135777)
    at stringify (<anonymous>)
    at eE (/home/arafat/My-folder/Projects/projet-web/Notes_App/frontend/node_modules/next/dist/compiled/next-server/app-page.runtime.prod.js:12:142242)
    at eT (/home/arafat/My-folder/Projects/projet-web/Notes_App/frontend/node_modules/next/dist/compiled/next-server/app-page.runtime.prod.js:12:142721)
    at Timeout._onTimeout (/home/arafat/My-folder/Projects/projet-web/Notes_App/frontend/node_modules/next/dist/compiled/next-server/app-page.runtime.prod.js:12:135497)
    at listOnTimeout (node:internal/timers:605:17)
    at process.processTimers (node:internal/timers:541:7) {
  digest: '1553214380'
}
Error: Only plain objects, and a few built-ins, can be passed to Client Components from Server Components. Classes or null prototypes are not supported.
    at e_ (/home/arafat/My-folder/Projects/projet-web/Notes_App/frontend/node_modules/next/dist/compiled/next-server/app-page.runtime.prod.js:12:139672)
    at Object.toJSON (/home/arafat/My-folder/Projects/projet-web/Notes_App/frontend/node_modules/next/dist/compiled/next-server/app-page.runtime.prod.js:12:135777)
    at stringify (<anonymous>)
    at eE (/home/arafat/My-folder/Projects/projet-web/Notes_App/frontend/node_modules/next/dist/compiled/next-server/app-page.runtime.prod.js:12:142242)
    at eT (/home/arafat/My-folder/Projects/projet-web/Notes_App/frontend/node_modules/next/dist/compiled/next-server/app-page.runtime.prod.js:12:142721)
    at Timeout._onTimeout (/home/arafat/My-folder/Projects/projet-web/Notes_App/frontend/node_modules/next/dist/compiled/next-server/app-page.runtime.prod.js:12:135497)
    at listOnTimeout (node:internal/timers:605:17)
    at process.processTimers (node:internal/timers:541:7) {
  digest: '1553214380'
}
Error: Only plain objects, and a few built-ins, can be passed to Client Components from Server Components. Classes or null prototypes are not supported.
    at e_ (/home/arafat/My-folder/Projects/projet-web/Notes_App/frontend/node_modules/next/dist/compiled/next-server/app-page.runtime.prod.js:12:139672)
    at Object.toJSON (/home/arafat/My-folder/Projects/projet-web/Notes_App/frontend/node_modules/next/dist/compiled/next-server/app-page.runtime.prod.js:12:135777)
    at stringify (<anonymous>)
    at eE (/home/arafat/My-folder/Projects/projet-web/Notes_App/frontend/node_modules/next/dist/compiled/next-server/app-page.runtime.prod.js:12:142242)
    at eT (/home/arafat/My-folder/Projects/projet-web/Notes_App/frontend/node_modules/next/dist/compiled/next-server/app-page.runtime.prod.js:12:142721)
    at AsyncLocalStorage.run (node:internal/async_local_storage/async_context_frame:63:14)
    at Timeout._onTimeout (/home/arafat/My-folder/Projects/projet-web/Notes_App/frontend/node_modules/next/dist/compiled/next-server/app-page.runtime.prod.js:12:150805)
    at listOnTimeout (node:internal/timers:605:17)
    at process.processTimers (node:internal/timers:541:7) {
  digest: '4044643400'
}
Error: Only plain objects, and a few built-ins, can be passed to Client Components from Server Components. Classes or null prototypes are not supported.
    at e_ (/home/arafat/My-folder/Projects/projet-web/Notes_App/frontend/node_modules/next/dist/compiled/next-server/app-page.runtime.prod.js:12:139672)
    at Object.toJSON (/home/arafat/My-folder/Projects/projet-web/Notes_App/frontend/node_modules/next/dist/compiled/next-server/app-page.runtime.prod.js:12:135777)
    at stringify (<anonymous>)
    at eE (/home/arafat/My-folder/Projects/projet-web/Notes_App/frontend/node_modules/next/dist/compiled/next-server/app-page.runtime.prod.js:12:142242)
    at eT (/home/arafat/My-folder/Projects/projet-web/Notes_App/frontend/node_modules/next/dist/compiled/next-server/app-page.runtime.prod.js:12:142721)
    at Timeout._onTimeout (/home/arafat/My-folder/Projects/projet-web/Notes_App/frontend/node_modules/next/dist/compiled/next-server/app-page.runtime.prod.js:12:135497)
    at listOnTimeout (node:internal/timers:605:17)
    at process.processTimers (node:internal/timers:541:7) {
  digest: '1553214380'
}
Error: Only plain objects, and a few built-ins, can be passed to Client Components from Server Components. Classes or null prototypes are not supported.
    at e_ (/home/arafat/My-folder/Projects/projet-web/Notes_App/frontend/node_modules/next/dist/compiled/next-server/app-page.runtime.prod.js:12:139672)
    at Object.toJSON (/home/arafat/My-folder/Projects/projet-web/Notes_App/frontend/node_modules/next/dist/compiled/next-server/app-page.runtime.prod.js:12:135777)
    at stringify (<anonymous>)
    at eE (/home/arafat/My-folder/Projects/projet-web/Notes_App/frontend/node_modules/next/dist/compiled/next-server/app-page.runtime.prod.js:12:142242)
    at eT (/home/arafat/My-folder/Projects/projet-web/Notes_App/frontend/node_modules/next/dist/compiled/next-server/app-page.runtime.prod.js:12:142721)
    at Timeout._onTimeout (/home/arafat/My-folder/Projects/projet-web/Notes_App/frontend/node_modules/next/dist/compiled/next-server/app-page.runtime.prod.js:12:135497)
    at listOnTimeout (node:internal/timers:605:17)
    at process.processTimers (node:internal/timers:541:7) {
  digest: '1553214380'
}
Error: Only plain objects, and a few built-ins, can be passed to Client Components from Server Components. Classes or null prototypes are not supported.
    at e_ (/home/arafat/My-folder/Projects/projet-web/Notes_App/frontend/node_modules/next/dist/compiled/next-server/app-page.runtime.prod.js:12:139672)
    at Object.toJSON (/home/arafat/My-folder/Projects/projet-web/Notes_App/frontend/node_modules/next/dist/compiled/next-server/app-page.runtime.prod.js:12:135777)
    at stringify (<anonymous>)
    at eE (/home/arafat/My-folder/Projects/projet-web/Notes_App/frontend/node_modules/next/dist/compiled/next-server/app-page.runtime.prod.js:12:142242)
    at eT (/home/arafat/My-folder/Projects/projet-web/Notes_App/frontend/node_modules/next/dist/compiled/next-server/app-page.runtime.prod.js:12:142721)
    at AsyncLocalStorage.run (node:internal/async_local_storage/async_context_frame:63:14)
    at Timeout._onTimeout (/home/arafat/My-folder/Projects/projet-web/Notes_App/frontend/node_modules/next/dist/compiled/next-server/app-page.runtime.prod.js:12:150805)
    at listOnTimeout (node:internal/timers:605:17)
    at process.processTimers (node:internal/timers:541:7) {
  digest: '4044643400'
}
Error: Only plain objects, and a few built-ins, can be passed to Client Components from Server Components. Classes or null prototypes are not supported.
    at e_ (/home/arafat/My-folder/Projects/projet-web/Notes_App/frontend/node_modules/next/dist/compiled/next-server/app-page.runtime.prod.js:12:139672)
    at Object.toJSON (/home/arafat/My-folder/Projects/projet-web/Notes_App/frontend/node_modules/next/dist/compiled/next-server/app-page.runtime.prod.js:12:135777)
    at stringify (<anonymous>)
    at eE (/home/arafat/My-folder/Projects/projet-web/Notes_App/frontend/node_modules/next/dist/compiled/next-server/app-page.runtime.prod.js:12:142242)
    at eT (/home/arafat/My-folder/Projects/projet-web/Notes_App/frontend/node_modules/next/dist/compiled/next-server/app-page.runtime.prod.js:12:142721)
    at Timeout._onTimeout (/home/arafat/My-folder/Projects/projet-web/Notes_App/frontend/node_modules/next/dist/compiled/next-server/app-page.runtime.prod.js:12:135497)
    at listOnTimeout (node:internal/timers:605:17)
    at process.processTimers (node:internal/timers:541:7) {
  digest: '1553214380'
}
Error: Only plain objects, and a few built-ins, can be passed to Client Components from Server Components. Classes or null prototypes are not supported.
    at e_ (/home/arafat/My-folder/Projects/projet-web/Notes_App/frontend/node_modules/next/dist/compiled/next-server/app-page.runtime.prod.js:12:139672)
    at Object.toJSON (/home/arafat/My-folder/Projects/projet-web/Notes_App/frontend/node_modules/next/dist/compiled/next-server/app-page.runtime.prod.js:12:135777)
    at stringify (<anonymous>)
    at eE (/home/arafat/My-folder/Projects/projet-web/Notes_App/frontend/node_modules/next/dist/compiled/next-server/app-page.runtime.prod.js:12:142242)
    at eT (/home/arafat/My-folder/Projects/projet-web/Notes_App/frontend/node_modules/next/dist/compiled/next-server/app-page.runtime.prod.js:12:142721)
    at Timeout._onTimeout (/home/arafat/My-folder/Projects/projet-web/Notes_App/frontend/node_modules/next/dist/compiled/next-server/app-page.runtime.prod.js:12:135497)
    at listOnTimeout (node:internal/timers:605:17)
    at process.processTimers (node:internal/timers:541:7) {
  digest: '1553214380'
}
Error: Only plain objects, and a few built-ins, can be passed to Client Components from Server Components. Classes or null prototypes are not supported.
    at e_ (/home/arafat/My-folder/Projects/projet-web/Notes_App/frontend/node_modules/next/dist/compiled/next-server/app-page.runtime.prod.js:12:139672)
    at Object.toJSON (/home/arafat/My-folder/Projects/projet-web/Notes_App/frontend/node_modules/next/dist/compiled/next-server/app-page.runtime.prod.js:12:135777)
    at stringify (<anonymous>)
    at eE (/home/arafat/My-folder/Projects/projet-web/Notes_App/frontend/node_modules/next/dist/compiled/next-server/app-page.runtime.prod.js:12:142242)
    at eT (/home/arafat/My-folder/Projects/projet-web/Notes_App/frontend/node_modules/next/dist/compiled/next-server/app-page.runtime.prod.js:12:142721)
    at AsyncLocalStorage.run (node:internal/async_local_storage/async_context_frame:63:14)
    at Timeout._onTimeout (/home/arafat/My-folder/Projects/projet-web/Notes_App/frontend/node_modules/next/dist/compiled/next-server/app-page.runtime.prod.js:12:150805)
    at listOnTimeout (node:internal/timers:605:17)
    at process.processTimers (node:internal/timers:541:7) {
  digest: '4044643400'
}
Error: Only plain objects, and a few built-ins, can be passed to Client Components from Server Components. Classes or null prototypes are not supported.
    at e_ (/home/arafat/My-folder/Projects/projet-web/Notes_App/frontend/node_modules/next/dist/compiled/next-server/app-page.runtime.prod.js:12:139672)
    at Object.toJSON (/home/arafat/My-folder/Projects/projet-web/Notes_App/frontend/node_modules/next/dist/compiled/next-server/app-page.runtime.prod.js:12:135777)
    at stringify (<anonymous>)
    at eE (/home/arafat/My-folder/Projects/projet-web/Notes_App/frontend/node_modules/next/dist/compiled/next-server/app-page.runtime.prod.js:12:142242)
    at eT (/home/arafat/My-folder/Projects/projet-web/Notes_App/frontend/node_modules/next/dist/compiled/next-server/app-page.runtime.prod.js:12:142721)
    at Timeout._onTimeout (/home/arafat/My-folder/Projects/projet-web/Notes_App/frontend/node_modules/next/dist/compiled/next-server/app-page.runtime.prod.js:12:135497)
    at listOnTimeout (node:internal/timers:605:17)
    at process.processTimers (node:internal/timers:541:7) {
  digest: '1553214380'
}
Error: Only plain objects, and a few built-ins, can be passed to Client Components from Server Components. Classes or null prototypes are not supported.
    at e_ (/home/arafat/My-folder/Projects/projet-web/Notes_App/frontend/node_modules/next/dist/compiled/next-server/app-page.runtime.prod.js:12:139672)
    at Object.toJSON (/home/arafat/My-folder/Projects/projet-web/Notes_App/frontend/node_modules/next/dist/compiled/next-server/app-page.runtime.prod.js:12:135777)
    at stringify (<anonymous>)
    at eE (/home/arafat/My-folder/Projects/projet-web/Notes_App/frontend/node_modules/next/dist/compiled/next-server/app-page.runtime.prod.js:12:142242)
    at eT (/home/arafat/My-folder/Projects/projet-web/Notes_App/frontend/node_modules/next/dist/compiled/next-server/app-page.runtime.prod.js:12:142721)
    at Timeout._onTimeout (/home/arafat/My-folder/Projects/projet-web/Notes_App/frontend/node_modules/next/dist/compiled/next-server/app-page.runtime.prod.js:12:135497)
    at listOnTimeout (node:internal/timers:605:17)
    at process.processTimers (node:internal/timers:541:7) {
  digest: '1553214380'
}
Error: Only plain objects, and a few built-ins, can be passed to Client Components from Server Components. Classes or null prototypes are not supported.
    at e_ (/home/arafat/My-folder/Projects/projet-web/Notes_App/frontend/node_modules/next/dist/compiled/next-server/app-page.runtime.prod.js:12:139672)
    at Object.toJSON (/home/arafat/My-folder/Projects/projet-web/Notes_App/frontend/node_modules/next/dist/compiled/next-server/app-page.runtime.prod.js:12:135777)
    at stringify (<anonymous>)
    at eE (/home/arafat/My-folder/Projects/projet-web/Notes_App/frontend/node_modules/next/dist/compiled/next-server/app-page.runtime.prod.js:12:142242)
    at eT (/home/arafat/My-folder/Projects/projet-web/Notes_App/frontend/node_modules/next/dist/compiled/next-server/app-page.runtime.prod.js:12:142721)
    at AsyncLocalStorage.run (node:internal/async_local_storage/async_context_frame:63:14)
    at Timeout._onTimeout (/home/arafat/My-folder/Projects/projet-web/Notes_App/frontend/node_modules/next/dist/compiled/next-server/app-page.runtime.prod.js:12:150805)
    at listOnTimeout (node:internal/timers:605:17)
    at process.processTimers (node:internal/timers:541:7) {
  digest: '4044643400'
}
Error: Only plain objects, and a few built-ins, can be passed to Client Components from Server Components. Classes or null prototypes are not supported.
    at e_ (/home/arafat/My-folder/Projects/projet-web/Notes_App/frontend/node_modules/next/dist/compiled/next-server/app-page.runtime.prod.js:12:139672)
    at Object.toJSON (/home/arafat/My-folder/Projects/projet-web/Notes_App/frontend/node_modules/next/dist/compiled/next-server/app-page.runtime.prod.js:12:135777)
    at stringify (<anonymous>)
    at eE (/home/arafat/My-folder/Projects/projet-web/Notes_App/frontend/node_modules/next/dist/compiled/next-server/app-page.runtime.prod.js:12:142242)
    at eT (/home/arafat/My-folder/Projects/projet-web/Notes_App/frontend/node_modules/next/dist/compiled/next-server/app-page.runtime.prod.js:12:142721)
    at Timeout._onTimeout (/home/arafat/My-folder/Projects/projet-web/Notes_App/frontend/node_modules/next/dist/compiled/next-server/app-page.runtime.prod.js:12:135497)
    at listOnTimeout (node:internal/timers:605:17)
    at process.processTimers (node:internal/timers:541:7) {
  digest: '1553214380'
}
Error: Only plain objects, and a few built-ins, can be passed to Client Components from Server Components. Classes or null prototypes are not supported.
    at e_ (/home/arafat/My-folder/Projects/projet-web/Notes_App/frontend/node_modules/next/dist/compiled/next-server/app-page.runtime.prod.js:12:139672)
    at Object.toJSON (/home/arafat/My-folder/Projects/projet-web/Notes_App/frontend/node_modules/next/dist/compiled/next-server/app-page.runtime.prod.js:12:135777)
    at stringify (<anonymous>)
    at eE (/home/arafat/My-folder/Projects/projet-web/Notes_App/frontend/node_modules/next/dist/compiled/next-server/app-page.runtime.prod.js:12:142242)
    at eT (/home/arafat/My-folder/Projects/projet-web/Notes_App/frontend/node_modules/next/dist/compiled/next-server/app-page.runtime.prod.js:12:142721)
    at Timeout._onTimeout (/home/arafat/My-folder/Projects/projet-web/Notes_App/frontend/node_modules/next/dist/compiled/next-server/app-page.runtime.prod.js:12:135497)
    at listOnTimeout (node:internal/timers:605:17)
    at process.processTimers (node:internal/timers:541:7) {
  digest: '1553214380'
}
   Generating static pages (2/8) 
 ⚠ Sending SIGTERM signal to Next.js build worker due to timeout of 60 seconds. Subsequent errors may be a result of the worker exiting.
 ⚠ Restarted static page generation for /_not-found because it took more than 60 seconds
 ⚠ See more info here https://nextjs.org/docs/messages/static-page-generation-timeout
 ⚠ Restarted static page generation for /workspaces/new because it took more than 60 seconds
 ⚠ Restarted static page generation for /register because it took more than 60 seconds
 ⚠ Restarted static page generation for /workspaces because it took more than 60 seconds
 ⚠ Restarted static page generation for /login because it took more than 60 seconds
 ⚠ Restarted static page generation for / because it took more than 60 seconds
Error: Only plain objects, and a few built-ins, can be passed to Client Components from Server Components. Classes or null prototypes are not supported.
    at e_ (/home/arafat/My-folder/Projects/projet-web/Notes_App/frontend/node_modules/next/dist/compiled/next-server/app-page.runtime.prod.js:12:139672)
    at Object.toJSON (/home/arafat/My-folder/Projects/projet-web/Notes_App/frontend/node_modules/next/dist/compiled/next-server/app-page.runtime.prod.js:12:135777)
    at stringify (<anonymous>)
    at eE (/home/arafat/My-folder/Projects/projet-web/Notes_App/frontend/node_modules/next/dist/compiled/next-server/app-page.runtime.prod.js:12:142242)
    at eT (/home/arafat/My-folder/Projects/projet-web/Notes_App/frontend/node_modules/next/dist/compiled/next-server/app-page.runtime.prod.js:12:142721)
    at AsyncLocalStorage.run (node:internal/async_local_storage/async_context_frame:63:14)
    at Timeout._onTimeout (/home/arafat/My-folder/Projects/projet-web/Notes_App/frontend/node_modules/next/dist/compiled/next-server/app-page.runtime.prod.js:12:150805)
    at listOnTimeout (node:internal/timers:605:17)
    at process.processTimers (node:internal/timers:541:7) {
  digest: '4044643400'
}
Error: Only plain objects, and a few built-ins, can be passed to Client Components from Server Components. Classes or null prototypes are not supported.
    at e_ (/home/arafat/My-folder/Projects/projet-web/Notes_App/frontend/node_modules/next/dist/compiled/next-server/app-page.runtime.prod.js:12:139672)
    at Object.toJSON (/home/arafat/My-folder/Projects/projet-web/Notes_App/frontend/node_modules/next/dist/compiled/next-server/app-page.runtime.prod.js:12:135777)
    at stringify (<anonymous>)
    at eE (/home/arafat/My-folder/Projects/projet-web/Notes_App/frontend/node_modules/next/dist/compiled/next-server/app-page.runtime.prod.js:12:142242)
    at eT (/home/arafat/My-folder/Projects/projet-web/Notes_App/frontend/node_modules/next/dist/compiled/next-server/app-page.runtime.prod.js:12:142721)
    at Timeout._onTimeout (/home/arafat/My-folder/Projects/projet-web/Notes_App/frontend/node_modules/next/dist/compiled/next-server/app-page.runtime.prod.js:12:135497)
    at listOnTimeout (node:internal/timers:605:17)
    at process.processTimers (node:internal/timers:541:7) {
  digest: '1553214380'
}
Error: Only plain objects, and a few built-ins, can be passed to Client Components from Server Components. Classes or null prototypes are not supported.
    at e_ (/home/arafat/My-folder/Projects/projet-web/Notes_App/frontend/node_modules/next/dist/compiled/next-server/app-page.runtime.prod.js:12:139672)
    at Object.toJSON (/home/arafat/My-folder/Projects/projet-web/Notes_App/frontend/node_modules/next/dist/compiled/next-server/app-page.runtime.prod.js:12:135777)
    at stringify (<anonymous>)
    at eE (/home/arafat/My-folder/Projects/projet-web/Notes_App/frontend/node_modules/next/dist/compiled/next-server/app-page.runtime.prod.js:12:142242)
    at eT (/home/arafat/My-folder/Projects/projet-web/Notes_App/frontend/node_modules/next/dist/compiled/next-server/app-page.runtime.prod.js:12:142721)
    at Timeout._onTimeout (/home/arafat/My-folder/Projects/projet-web/Notes_App/frontend/node_modules/next/dist/compiled/next-server/app-page.runtime.prod.js:12:135497)
    at listOnTimeout (node:internal/timers:605:17)
    at process.processTimers (node:internal/timers:541:7) {
  digest: '1553214380'
}
Error: Only plain objects, and a few built-ins, can be passed to Client Components from Server Components. Classes or null prototypes are not supported.
    at e_ (/home/arafat/My-folder/Projects/projet-web/Notes_App/frontend/node_modules/next/dist/compiled/next-server/app-page.runtime.prod.js:12:139672)
    at Object.toJSON (/home/arafat/My-folder/Projects/projet-web/Notes_App/frontend/node_modules/next/dist/compiled/next-server/app-page.runtime.prod.js:12:135777)
    at stringify (<anonymous>)
    at eE (/home/arafat/My-folder/Projects/projet-web/Notes_App/frontend/node_modules/next/dist/compiled/next-server/app-page.runtime.prod.js:12:142242)
    at eT (/home/arafat/My-folder/Projects/projet-web/Notes_App/frontend/node_modules/next/dist/compiled/next-server/app-page.runtime.prod.js:12:142721)
    at AsyncLocalStorage.run (node:internal/async_local_storage/async_context_frame:63:14)
    at Timeout._onTimeout (/home/arafat/My-folder/Projects/projet-web/Notes_App/frontend/node_modules/next/dist/compiled/next-server/app-page.runtime.prod.js:12:150805)
    at listOnTimeout (node:internal/timers:605:17)
    at process.processTimers (node:internal/timers:541:7) {
  digest: '4044643400'
}
Error: Only plain objects, and a few built-ins, can be passed to Client Components from Server Components. Classes or null prototypes are not supported.
    at e_ (/home/arafat/My-folder/Projects/projet-web/Notes_App/frontend/node_modules/next/dist/compiled/next-server/app-page.runtime.prod.js:12:139672)
    at Object.toJSON (/home/arafat/My-folder/Projects/projet-web/Notes_App/frontend/node_modules/next/dist/compiled/next-server/app-page.runtime.prod.js:12:135777)
    at stringify (<anonymous>)
    at eE (/home/arafat/My-folder/Projects/projet-web/Notes_App/frontend/node_modules/next/dist/compiled/next-server/app-page.runtime.prod.js:12:142242)
    at eT (/home/arafat/My-folder/Projects/projet-web/Notes_App/frontend/node_modules/next/dist/compiled/next-server/app-page.runtime.prod.js:12:142721)
    at Timeout._onTimeout (/home/arafat/My-folder/Projects/projet-web/Notes_App/frontend/node_modules/next/dist/compiled/next-server/app-page.runtime.prod.js:12:135497)
    at listOnTimeout (node:internal/timers:605:17)
    at process.processTimers (node:internal/timers:541:7) {
  digest: '1553214380'
}
Error: Only plain objects, and a few built-ins, can be passed to Client Components from Server Components. Classes or null prototypes are not supported.
    at e_ (/home/arafat/My-folder/Projects/projet-web/Notes_App/frontend/node_modules/next/dist/compiled/next-server/app-page.runtime.prod.js:12:139672)
    at Object.toJSON (/home/arafat/My-folder/Projects/projet-web/Notes_App/frontend/node_modules/next/dist/compiled/next-server/app-page.runtime.prod.js:12:135777)
    at stringify (<anonymous>)
    at eE (/home/arafat/My-folder/Projects/projet-web/Notes_App/frontend/node_modules/next/dist/compiled/next-server/app-page.runtime.prod.js:12:142242)
    at eT (/home/arafat/My-folder/Projects/projet-web/Notes_App/frontend/node_modules/next/dist/compiled/next-server/app-page.runtime.prod.js:12:142721)
    at AsyncLocalStorage.run (node:internal/async_local_storage/async_context_frame:63:14)
    at Timeout._onTimeout (/home/arafat/My-folder/Projects/projet-web/Notes_App/frontend/node_modules/next/dist/compiled/next-server/app-page.runtime.prod.js:12:150805)
    at listOnTimeout (node:internal/timers:605:17)
    at process.processTimers (node:internal/timers:541:7) {
  digest: '4044643400'
}
Error: Only plain objects, and a few built-ins, can be passed to Client Components from Server Components. Classes or null prototypes are not supported.
    at e_ (/home/arafat/My-folder/Projects/projet-web/Notes_App/frontend/node_modules/next/dist/compiled/next-server/app-page.runtime.prod.js:12:139672)
    at Object.toJSON (/home/arafat/My-folder/Projects/projet-web/Notes_App/frontend/node_modules/next/dist/compiled/next-server/app-page.runtime.prod.js:12:135777)
    at stringify (<anonymous>)
    at eE (/home/arafat/My-folder/Projects/projet-web/Notes_App/frontend/node_modules/next/dist/compiled/next-server/app-page.runtime.prod.js:12:142242)
    at eT (/home/arafat/My-folder/Projects/projet-web/Notes_App/frontend/node_modules/next/dist/compiled/next-server/app-page.runtime.prod.js:12:142721)
    at Timeout._onTimeout (/home/arafat/My-folder/Projects/projet-web/Notes_App/frontend/node_modules/next/dist/compiled/next-server/app-page.runtime.prod.js:12:135497)
    at listOnTimeout (node:internal/timers:605:17)
    at process.processTimers (node:internal/timers:541:7) {
  digest: '1553214380'
}
Error: Only plain objects, and a few built-ins, can be passed to Client Components from Server Components. Classes or null prototypes are not supported.
    at e_ (/home/arafat/My-folder/Projects/projet-web/Notes_App/frontend/node_modules/next/dist/compiled/next-server/app-page.runtime.prod.js:12:139672)
    at Object.toJSON (/home/arafat/My-folder/Projects/projet-web/Notes_App/frontend/node_modules/next/dist/compiled/next-server/app-page.runtime.prod.js:12:135777)
    at stringify (<anonymous>)
    at eE (/home/arafat/My-folder/Projects/projet-web/Notes_App/frontend/node_modules/next/dist/compiled/next-server/app-page.runtime.prod.js:12:142242)
    at eT (/home/arafat/My-folder/Projects/projet-web/Notes_App/frontend/node_modules/next/dist/compiled/next-server/app-page.runtime.prod.js:12:142721)
    at AsyncLocalStorage.run (node:internal/async_local_storage/async_context_frame:63:14)
    at Timeout._onTimeout (/home/arafat/My-folder/Projects/projet-web/Notes_App/frontend/node_modules/next/dist/compiled/next-server/app-page.runtime.prod.js:12:150805)
    at listOnTimeout (node:internal/timers:605:17)
    at process.processTimers (node:internal/timers:541:7) {
  digest: '4044643400'
}
Error: Only plain objects, and a few built-ins, can be passed to Client Components from Server Components. Classes or null prototypes are not supported.
    at e_ (/home/arafat/My-folder/Projects/projet-web/Notes_App/frontend/node_modules/next/dist/compiled/next-server/app-page.runtime.prod.js:12:139672)
    at Object.toJSON (/home/arafat/My-folder/Projects/projet-web/Notes_App/frontend/node_modules/next/dist/compiled/next-server/app-page.runtime.prod.js:12:135777)
    at stringify (<anonymous>)
    at eE (/home/arafat/My-folder/Projects/projet-web/Notes_App/frontend/node_modules/next/dist/compiled/next-server/app-page.runtime.prod.js:12:142242)
    at eT (/home/arafat/My-folder/Projects/projet-web/Notes_App/frontend/node_modules/next/dist/compiled/next-server/app-page.runtime.prod.js:12:142721)
    at Timeout._onTimeout (/home/arafat/My-folder/Projects/projet-web/Notes_App/frontend/node_modules/next/dist/compiled/next-server/app-page.runtime.prod.js:12:135497)
    at listOnTimeout (node:internal/timers:605:17)
    at process.processTimers (node:internal/timers:541:7) {
  digest: '1553214380'
}
Error: Only plain objects, and a few built-ins, can be passed to Client Components from Server Components. Classes or null prototypes are not supported.
    at e_ (/home/arafat/My-folder/Projects/projet-web/Notes_App/frontend/node_modules/next/dist/compiled/next-server/app-page.runtime.prod.js:12:139672)
    at Object.toJSON (/home/arafat/My-folder/Projects/projet-web/Notes_App/frontend/node_modules/next/dist/compiled/next-server/app-page.runtime.prod.js:12:135777)
    at stringify (<anonymous>)
    at eE (/home/arafat/My-folder/Projects/projet-web/Notes_App/frontend/node_modules/next/dist/compiled/next-server/app-page.runtime.prod.js:12:142242)
    at eT (/home/arafat/My-folder/Projects/projet-web/Notes_App/frontend/node_modules/next/dist/compiled/next-server/app-page.runtime.prod.js:12:142721)
    at AsyncLocalStorage.run (node:internal/async_local_storage/async_context_frame:63:14)
    at Timeout._onTimeout (/home/arafat/My-folder/Projects/projet-web/Notes_App/frontend/node_modules/next/dist/compiled/next-server/app-page.runtime.prod.js:12:150805)
    at listOnTimeout (node:internal/timers:605:17)
    at process.processTimers (node:internal/timers:541:7) {
  digest: '4044643400'
}
Error: Only plain objects, and a few built-ins, can be passed to Client Components from Server Components. Classes or null prototypes are not supported.
    at e_ (/home/arafat/My-folder/Projects/projet-web/Notes_App/frontend/node_modules/next/dist/compiled/next-server/app-page.runtime.prod.js:12:139672)
    at Object.toJSON (/home/arafat/My-folder/Projects/projet-web/Notes_App/frontend/node_modules/next/dist/compiled/next-server/app-page.runtime.prod.js:12:135777)
    at stringify (<anonymous>)
    at eE (/home/arafat/My-folder/Projects/projet-web/Notes_App/frontend/node_modules/next/dist/compiled/next-server/app-page.runtime.prod.js:12:142242)
    at eT (/home/arafat/My-folder/Projects/projet-web/Notes_App/frontend/node_modules/next/dist/compiled/next-server/app-page.runtime.prod.js:12:142721)
    at Timeout._onTimeout (/home/arafat/My-folder/Projects/projet-web/Notes_App/frontend/node_modules/next/dist/compiled/next-server/app-page.runtime.prod.js:12:135497)
    at listOnTimeout (node:internal/timers:605:17)
    at process.processTimers (node:internal/timers:541:7) {
  digest: '1553214380'
}
Error: Only plain objects, and a few built-ins, can be passed to Client Components from Server Components. Classes or null prototypes are not supported.
    at e_ (/home/arafat/My-folder/Projects/projet-web/Notes_App/frontend/node_modules/next/dist/compiled/next-server/app-page.runtime.prod.js:12:139672)
    at Object.toJSON (/home/arafat/My-folder/Projects/projet-web/Notes_App/frontend/node_modules/next/dist/compiled/next-server/app-page.runtime.prod.js:12:135777)
    at stringify (<anonymous>)
    at eE (/home/arafat/My-folder/Projects/projet-web/Notes_App/frontend/node_modules/next/dist/compiled/next-server/app-page.runtime.prod.js:12:142242)
    at eT (/home/arafat/My-folder/Projects/projet-web/Notes_App/frontend/node_modules/next/dist/compiled/next-server/app-page.runtime.prod.js:12:142721)
    at AsyncLocalStorage.run (node:internal/async_local_storage/async_context_frame:63:14)
    at Timeout._onTimeout (/home/arafat/My-folder/Projects/projet-web/Notes_App/frontend/node_modules/next/dist/compiled/next-server/app-page.runtime.prod.js:12:150805)
    at listOnTimeout (node:internal/timers:605:17)
    at process.processTimers (node:internal/timers:541:7) {
  digest: '4044643400'
}
Error: Only plain objects, and a few built-ins, can be passed to Client Components from Server Components. Classes or null prototypes are not supported.
    at e_ (/home/arafat/My-folder/Projects/projet-web/Notes_App/frontend/node_modules/next/dist/compiled/next-server/app-page.runtime.prod.js:12:139672)
    at Object.toJSON (/home/arafat/My-folder/Projects/projet-web/Notes_App/frontend/node_modules/next/dist/compiled/next-server/app-page.runtime.prod.js:12:135777)
    at stringify (<anonymous>)
    at eE (/home/arafat/My-folder/Projects/projet-web/Notes_App/frontend/node_modules/next/dist/compiled/next-server/app-page.runtime.prod.js:12:142242)
    at eT (/home/arafat/My-folder/Projects/projet-web/Notes_App/frontend/node_modules/next/dist/compiled/next-server/app-page.runtime.prod.js:12:142721)
    at Timeout._onTimeout (/home/arafat/My-folder/Projects/projet-web/Notes_App/frontend/node_modules/next/dist/compiled/next-server/app-page.runtime.prod.js:12:135497)
    at listOnTimeout (node:internal/timers:605:17)
    at process.processTimers (node:internal/timers:541:7) {
  digest: '1553214380'
}
Error: Only plain objects, and a few built-ins, can be passed to Client Components from Server Components. Classes or null prototypes are not supported.
    at e_ (/home/arafat/My-folder/Projects/projet-web/Notes_App/frontend/node_modules/next/dist/compiled/next-server/app-page.runtime.prod.js:12:139672)
    at Object.toJSON (/home/arafat/My-folder/Projects/projet-web/Notes_App/frontend/node_modules/next/dist/compiled/next-server/app-page.runtime.prod.js:12:135777)
    at stringify (<anonymous>)
    at eE (/home/arafat/My-folder/Projects/projet-web/Notes_App/frontend/node_modules/next/dist/compiled/next-server/app-page.runtime.prod.js:12:142242)
    at eT (/home/arafat/My-folder/Projects/projet-web/Notes_App/frontend/node_modules/next/dist/compiled/next-server/app-page.runtime.prod.js:12:142721)
    at Timeout._onTimeout (/home/arafat/My-folder/Projects/projet-web/Notes_App/frontend/node_modules/next/dist/compiled/next-server/app-page.runtime.prod.js:12:135497)
    at listOnTimeout (node:internal/timers:605:17)
    at process.processTimers (node:internal/timers:541:7) {
  digest: '1553214380'
}
Error: Only plain objects, and a few built-ins, can be passed to Client Components from Server Components. Classes or null prototypes are not supported.
    at e_ (/home/arafat/My-folder/Projects/projet-web/Notes_App/frontend/node_modules/next/dist/compiled/next-server/app-page.runtime.prod.js:12:139672)
    at Object.toJSON (/home/arafat/My-folder/Projects/projet-web/Notes_App/frontend/node_modules/next/dist/compiled/next-server/app-page.runtime.prod.js:12:135777)
    at stringify (<anonymous>)
    at eE (/home/arafat/My-folder/Projects/projet-web/Notes_App/frontend/node_modules/next/dist/compiled/next-server/app-page.runtime.prod.js:12:142242)
    at eT (/home/arafat/My-folder/Projects/projet-web/Notes_App/frontend/node_modules/next/dist/compiled/next-server/app-page.runtime.prod.js:12:142721)
    at Timeout._onTimeout (/home/arafat/My-folder/Projects/projet-web/Notes_App/frontend/node_modules/next/dist/compiled/next-server/app-page.runtime.prod.js:12:135497)
    at listOnTimeout (node:internal/timers:605:17)
    at process.processTimers (node:internal/timers:541:7) {
  digest: '1553214380'
}
Error: Only plain objects, and a few built-ins, can be passed to Client Components from Server Components. Classes or null prototypes are not supported.
    at e_ (/home/arafat/My-folder/Projects/projet-web/Notes_App/frontend/node_modules/next/dist/compiled/next-server/app-page.runtime.prod.js:12:139672)
    at Object.toJSON (/home/arafat/My-folder/Projects/projet-web/Notes_App/frontend/node_modules/next/dist/compiled/next-server/app-page.runtime.prod.js:12:135777)
    at stringify (<anonymous>)
    at eE (/home/arafat/My-folder/Projects/projet-web/Notes_App/frontend/node_modules/next/dist/compiled/next-server/app-page.runtime.prod.js:12:142242)
    at eT (/home/arafat/My-folder/Projects/projet-web/Notes_App/frontend/node_modules/next/dist/compiled/next-server/app-page.runtime.prod.js:12:142721)
    at Timeout._onTimeout (/home/arafat/My-folder/Projects/projet-web/Notes_App/frontend/node_modules/next/dist/compiled/next-server/app-page.runtime.prod.js:12:135497)
    at listOnTimeout (node:internal/timers:605:17)
    at process.processTimers (node:internal/timers:541:7) {
  digest: '1553214380'
}
Error: Only plain objects, and a few built-ins, can be passed to Client Components from Server Components. Classes or null prototypes are not supported.
    at e_ (/home/arafat/My-folder/Projects/projet-web/Notes_App/frontend/node_modules/next/dist/compiled/next-server/app-page.runtime.prod.js:12:139672)
    at Object.toJSON (/home/arafat/My-folder/Projects/projet-web/Notes_App/frontend/node_modules/next/dist/compiled/next-server/app-page.runtime.prod.js:12:135777)
    at stringify (<anonymous>)
    at eE (/home/arafat/My-folder/Projects/projet-web/Notes_App/frontend/node_modules/next/dist/compiled/next-server/app-page.runtime.prod.js:12:142242)
    at eT (/home/arafat/My-folder/Projects/projet-web/Notes_App/frontend/node_modules/next/dist/compiled/next-server/app-page.runtime.prod.js:12:142721)
    at Timeout._onTimeout (/home/arafat/My-folder/Projects/projet-web/Notes_App/frontend/node_modules/next/dist/compiled/next-server/app-page.runtime.prod.js:12:135497)
    at listOnTimeout (node:internal/timers:605:17)
    at process.processTimers (node:internal/timers:541:7) {
  digest: '1553214380'
}
Error: Only plain objects, and a few built-ins, can be passed to Client Components from Server Components. Classes or null prototypes are not supported.
    at e_ (/home/arafat/My-folder/Projects/projet-web/Notes_App/frontend/node_modules/next/dist/compiled/next-server/app-page.runtime.prod.js:12:139672)
    at Object.toJSON (/home/arafat/My-folder/Projects/projet-web/Notes_App/frontend/node_modules/next/dist/compiled/next-server/app-page.runtime.prod.js:12:135777)
    at stringify (<anonymous>)
    at eE (/home/arafat/My-folder/Projects/projet-web/Notes_App/frontend/node_modules/next/dist/compiled/next-server/app-page.runtime.prod.js:12:142242)
    at eT (/home/arafat/My-folder/Projects/projet-web/Notes_App/frontend/node_modules/next/dist/compiled/next-server/app-page.runtime.prod.js:12:142721)
    at Timeout._onTimeout (/home/arafat/My-folder/Projects/projet-web/Notes_App/frontend/node_modules/next/dist/compiled/next-server/app-page.runtime.prod.js:12:135497)
    at listOnTimeout (node:internal/timers:605:17)
    at process.processTimers (node:internal/timers:541:7) {
  digest: '1553214380'
}
 ⚠ Sending SIGTERM signal to Next.js build worker due to timeout of 60 seconds. Subsequent errors may be a result of the worker exiting.
 ⨯ Next.js build worker exited with code: null and signal: SIGTERM
 ⚠ Restarted static page generation for /_not-found because it took more than 60 seconds
 ⚠ Restarted static page generation for /workspaces/new because it took more than 60 seconds
 ⚠ Restarted static page generation for /register because it took more than 60 seconds
 ⚠ Restarted static page generation for /workspaces because it took more than 60 seconds
 ⚠ Restarted static page generation for /login because it took more than 60 seconds
 ⚠ Restarted static page generation for / because it took more than 60 seconds
Error: Only plain objects, and a few built-ins, can be passed to Client Components from Server Components. Classes or null prototypes are not supported.
    at e_ (/home/arafat/My-folder/Projects/projet-web/Notes_App/frontend/node_modules/next/dist/compiled/next-server/app-page.runtime.prod.js:12:139672)
    at Object.toJSON (/home/arafat/My-folder/Projects/projet-web/Notes_App/frontend/node_modules/next/dist/compiled/next-server/app-page.runtime.prod.js:12:135777)
    at stringify (<anonymous>)
    at eE (/home/arafat/My-folder/Projects/projet-web/Notes_App/frontend/node_modules/next/dist/compiled/next-server/app-page.runtime.prod.js:12:142242)
    at eT (/home/arafat/My-folder/Projects/projet-web/Notes_App/frontend/node_modules/next/dist/compiled/next-server/app-page.runtime.prod.js:12:142721)
    at AsyncLocalStorage.run (node:internal/async_local_storage/async_context_frame:63:14)
    at Timeout._onTimeout (/home/arafat/My-folder/Projects/projet-web/Notes_App/frontend/node_modules/next/dist/compiled/next-server/app-page.runtime.prod.js:12:150805)
    at listOnTimeout (node:internal/timers:605:17)
    at process.processTimers (node:internal/timers:541:7) {
  digest: '4044643400'
}
Error: Only plain objects, and a few built-ins, can be passed to Client Components from Server Components. Classes or null prototypes are not supported.
    at e_ (/home/arafat/My-folder/Projects/projet-web/Notes_App/frontend/node_modules/next/dist/compiled/next-server/app-page.runtime.prod.js:12:139672)
    at Object.toJSON (/home/arafat/My-folder/Projects/projet-web/Notes_App/frontend/node_modules/next/dist/compiled/next-server/app-page.runtime.prod.js:12:135777)
    at stringify (<anonymous>)
    at eE (/home/arafat/My-folder/Projects/projet-web/Notes_App/frontend/node_modules/next/dist/compiled/next-server/app-page.runtime.prod.js:12:142242)
    at eT (/home/arafat/My-folder/Projects/projet-web/Notes_App/frontend/node_modules/next/dist/compiled/next-server/app-page.runtime.prod.js:12:142721)
    at Timeout._onTimeout (/home/arafat/My-folder/Projects/projet-web/Notes_App/frontend/node_modules/next/dist/compiled/next-server/app-page.runtime.prod.js:12:135497)
    at listOnTimeout (node:internal/timers:605:17)
    at process.processTimers (node:internal/timers:541:7) {
  digest: '1553214380'
}
Error: Only plain objects, and a few built-ins, can be passed to Client Components from Server Components. Classes or null prototypes are not supported.
    at e_ (/home/arafat/My-folder/Projects/projet-web/Notes_App/frontend/node_modules/next/dist/compiled/next-server/app-page.runtime.prod.js:12:139672)
    at Object.toJSON (/home/arafat/My-folder/Projects/projet-web/Notes_App/frontend/node_modules/next/dist/compiled/next-server/app-page.runtime.prod.js:12:135777)
    at stringify (<anonymous>)
    at eE (/home/arafat/My-folder/Projects/projet-web/Notes_App/frontend/node_modules/next/dist/compiled/next-server/app-page.runtime.prod.js:12:142242)
    at eT (/home/arafat/My-folder/Projects/projet-web/Notes_App/frontend/node_modules/next/dist/compiled/next-server/app-page.runtime.prod.js:12:142721)
    at Timeout._onTimeout (/home/arafat/My-folder/Projects/projet-web/Notes_App/frontend/node_modules/next/dist/compiled/next-server/app-page.runtime.prod.js:12:135497)
    at listOnTimeout (node:internal/timers:605:17)
    at process.processTimers (node:internal/timers:541:7) {
  digest: '1553214380'
}
Error: Only plain objects, and a few built-ins, can be passed to Client Components from Server Components. Classes or null prototypes are not supported.
    at e_ (/home/arafat/My-folder/Projects/projet-web/Notes_App/frontend/node_modules/next/dist/compiled/next-server/app-page.runtime.prod.js:12:139672)
    at Object.toJSON (/home/arafat/My-folder/Projects/projet-web/Notes_App/frontend/node_modules/next/dist/compiled/next-server/app-page.runtime.prod.js:12:135777)
    at stringify (<anonymous>)
    at eE (/home/arafat/My-folder/Projects/projet-web/Notes_App/frontend/node_modules/next/dist/compiled/next-server/app-page.runtime.prod.js:12:142242)
    at eT (/home/arafat/My-folder/Projects/projet-web/Notes_App/frontend/node_modules/next/dist/compiled/next-server/app-page.runtime.prod.js:12:142721)
    at AsyncLocalStorage.run (node:internal/async_local_storage/async_context_frame:63:14)
    at Timeout._onTimeout (/home/arafat/My-folder/Projects/projet-web/Notes_App/frontend/node_modules/next/dist/compiled/next-server/app-page.runtime.prod.js:12:150805)
    at listOnTimeout (node:internal/timers:605:17)
    at process.processTimers (node:internal/timers:541:7) {
  digest: '4044643400'
}
Error: Only plain objects, and a few built-ins, can be passed to Client Components from Server Components. Classes or null prototypes are not supported.
    at e_ (/home/arafat/My-folder/Projects/projet-web/Notes_App/frontend/node_modules/next/dist/compiled/next-server/app-page.runtime.prod.js:12:139672)
    at Object.toJSON (/home/arafat/My-folder/Projects/projet-web/Notes_App/frontend/node_modules/next/dist/compiled/next-server/app-page.runtime.prod.js:12:135777)
    at stringify (<anonymous>)
    at eE (/home/arafat/My-folder/Projects/projet-web/Notes_App/frontend/node_modules/next/dist/compiled/next-server/app-page.runtime.prod.js:12:142242)
    at eT (/home/arafat/My-folder/Projects/projet-web/Notes_App/frontend/node_modules/next/dist/compiled/next-server/app-page.runtime.prod.js:12:142721)
    at Timeout._onTimeout (/home/arafat/My-folder/Projects/projet-web/Notes_App/frontend/node_modules/next/dist/compiled/next-server/app-page.runtime.prod.js:12:135497)
    at listOnTimeout (node:internal/timers:605:17)
    at process.processTimers (node:internal/timers:541:7) {
  digest: '1553214380'
}
Error: Only plain objects, and a few built-ins, can be passed to Client Components from Server Components. Classes or null prototypes are not supported.
    at e_ (/home/arafat/My-folder/Projects/projet-web/Notes_App/frontend/node_modules/next/dist/compiled/next-server/app-page.runtime.prod.js:12:139672)
    at Object.toJSON (/home/arafat/My-folder/Projects/projet-web/Notes_App/frontend/node_modules/next/dist/compiled/next-server/app-page.runtime.prod.js:12:135777)
    at stringify (<anonymous>)
    at eE (/home/arafat/My-folder/Projects/projet-web/Notes_App/frontend/node_modules/next/dist/compiled/next-server/app-page.runtime.prod.js:12:142242)
    at eT (/home/arafat/My-folder/Projects/projet-web/Notes_App/frontend/node_modules/next/dist/compiled/next-server/app-page.runtime.prod.js:12:142721)
    at AsyncLocalStorage.run (node:internal/async_local_storage/async_context_frame:63:14)
    at Timeout._onTimeout (/home/arafat/My-folder/Projects/projet-web/Notes_App/frontend/node_modules/next/dist/compiled/next-server/app-page.runtime.prod.js:12:150805)
    at listOnTimeout (node:internal/timers:605:17)
    at process.processTimers (node:internal/timers:541:7) {
  digest: '4044643400'
}
Error: Only plain objects, and a few built-ins, can be passed to Client Components from Server Components. Classes or null prototypes are not supported.
    at e_ (/home/arafat/My-folder/Projects/projet-web/Notes_App/frontend/node_modules/next/dist/compiled/next-server/app-page.runtime.prod.js:12:139672)
    at Object.toJSON (/home/arafat/My-folder/Projects/projet-web/Notes_App/frontend/node_modules/next/dist/compiled/next-server/app-page.runtime.prod.js:12:135777)
    at stringify (<anonymous>)
    at eE (/home/arafat/My-folder/Projects/projet-web/Notes_App/frontend/node_modules/next/dist/compiled/next-server/app-page.runtime.prod.js:12:142242)
    at eT (/home/arafat/My-folder/Projects/projet-web/Notes_App/frontend/node_modules/next/dist/compiled/next-server/app-page.runtime.prod.js:12:142721)
    at Timeout._onTimeout (/home/arafat/My-folder/Projects/projet-web/Notes_App/frontend/node_modules/next/dist/compiled/next-server/app-page.runtime.prod.js:12:135497)
    at listOnTimeout (node:internal/timers:605:17)
    at process.processTimers (node:internal/timers:541:7) {
  digest: '1553214380'
}
Error: Only plain objects, and a few built-ins, can be passed to Client Components from Server Components. Classes or null prototypes are not supported.
    at e_ (/home/arafat/My-folder/Projects/projet-web/Notes_App/frontend/node_modules/next/dist/compiled/next-server/app-page.runtime.prod.js:12:139672)
    at Object.toJSON (/home/arafat/My-folder/Projects/projet-web/Notes_App/frontend/node_modules/next/dist/compiled/next-server/app-page.runtime.prod.js:12:135777)
    at stringify (<anonymous>)
    at eE (/home/arafat/My-folder/Projects/projet-web/Notes_App/frontend/node_modules/next/dist/compiled/next-server/app-page.runtime.prod.js:12:142242)
    at eT (/home/arafat/My-folder/Projects/projet-web/Notes_App/frontend/node_modules/next/dist/compiled/next-server/app-page.runtime.prod.js:12:142721)
    at AsyncLocalStorage.run (node:internal/async_local_storage/async_context_frame:63:14)
    at Timeout._onTimeout (/home/arafat/My-folder/Projects/projet-web/Notes_App/frontend/node_modules/next/dist/compiled/next-server/app-page.runtime.prod.js:12:150805)
    at listOnTimeout (node:internal/timers:605:17)
    at process.processTimers (node:internal/timers:541:7) {
  digest: '4044643400'
}
Error: Only plain objects, and a few built-ins, can be passed to Client Components from Server Components. Classes or null prototypes are not supported.
    at e_ (/home/arafat/My-folder/Projects/projet-web/Notes_App/frontend/node_modules/next/dist/compiled/next-server/app-page.runtime.prod.js:12:139672)
    at Object.toJSON (/home/arafat/My-folder/Projects/projet-web/Notes_App/frontend/node_modules/next/dist/compiled/next-server/app-page.runtime.prod.js:12:135777)
    at stringify (<anonymous>)
    at eE (/home/arafat/My-folder/Projects/projet-web/Notes_App/frontend/node_modules/next/dist/compiled/next-server/app-page.runtime.prod.js:12:142242)
    at eT (/home/arafat/My-folder/Projects/projet-web/Notes_App/frontend/node_modules/next/dist/compiled/next-server/app-page.runtime.prod.js:12:142721)
    at Timeout._onTimeout (/home/arafat/My-folder/Projects/projet-web/Notes_App/frontend/node_modules/next/dist/compiled/next-server/app-page.runtime.prod.js:12:135497)
    at listOnTimeout (node:internal/timers:605:17)
    at process.processTimers (node:internal/timers:541:7) {
  digest: '1553214380'
}
Error: Only plain objects, and a few built-ins, can be passed to Client Components from Server Components. Classes or null prototypes are not supported.
    at e_ (/home/arafat/My-folder/Projects/projet-web/Notes_App/frontend/node_modules/next/dist/compiled/next-server/app-page.runtime.prod.js:12:139672)
    at Object.toJSON (/home/arafat/My-folder/Projects/projet-web/Notes_App/frontend/node_modules/next/dist/compiled/next-server/app-page.runtime.prod.js:12:135777)
    at stringify (<anonymous>)
    at eE (/home/arafat/My-folder/Projects/projet-web/Notes_App/frontend/node_modules/next/dist/compiled/next-server/app-page.runtime.prod.js:12:142242)
    at eT (/home/arafat/My-folder/Projects/projet-web/Notes_App/frontend/node_modules/next/dist/compiled/next-server/app-page.runtime.prod.js:12:142721)
    at AsyncLocalStorage.run (node:internal/async_local_storage/async_context_frame:63:14)
    at Timeout._onTimeout (/home/arafat/My-folder/Projects/projet-web/Notes_App/frontend/node_modules/next/dist/compiled/next-server/app-page.runtime.prod.js:12:150805)
    at listOnTimeout (node:internal/timers:605:17)
    at process.processTimers (node:internal/timers:541:7) {
  digest: '4044643400'
}
Error: Only plain objects, and a few built-ins, can be passed to Client Components from Server Components. Classes or null prototypes are not supported.
    at e_ (/home/arafat/My-folder/Projects/projet-web/Notes_App/frontend/node_modules/next/dist/compiled/next-server/app-page.runtime.prod.js:12:139672)
    at Object.toJSON (/home/arafat/My-folder/Projects/projet-web/Notes_App/frontend/node_modules/next/dist/compiled/next-server/app-page.runtime.prod.js:12:135777)
    at stringify (<anonymous>)
    at eE (/home/arafat/My-folder/Projects/projet-web/Notes_App/frontend/node_modules/next/dist/compiled/next-server/app-page.runtime.prod.js:12:142242)
    at eT (/home/arafat/My-folder/Projects/projet-web/Notes_App/frontend/node_modules/next/dist/compiled/next-server/app-page.runtime.prod.js:12:142721)
    at Timeout._onTimeout (/home/arafat/My-folder/Projects/projet-web/Notes_App/frontend/node_modules/next/dist/compiled/next-server/app-page.runtime.prod.js:12:135497)
    at listOnTimeout (node:internal/timers:605:17)
    at process.processTimers (node:internal/timers:541:7) {
  digest: '1553214380'
}
Error: Only plain objects, and a few built-ins, can be passed to Client Components from Server Components. Classes or null prototypes are not supported.
    at e_ (/home/arafat/My-folder/Projects/projet-web/Notes_App/frontend/node_modules/next/dist/compiled/next-server/app-page.runtime.prod.js:12:139672)
    at Object.toJSON (/home/arafat/My-folder/Projects/projet-web/Notes_App/frontend/node_modules/next/dist/compiled/next-server/app-page.runtime.prod.js:12:135777)
    at stringify (<anonymous>)
    at eE (/home/arafat/My-folder/Projects/projet-web/Notes_App/frontend/node_modules/next/dist/compiled/next-server/app-page.runtime.prod.js:12:142242)
    at eT (/home/arafat/My-folder/Projects/projet-web/Notes_App/frontend/node_modules/next/dist/compiled/next-server/app-page.runtime.prod.js:12:142721)
    at Timeout._onTimeout (/home/arafat/My-folder/Projects/projet-web/Notes_App/frontend/node_modules/next/dist/compiled/next-server/app-page.runtime.prod.js:12:135497)
    at listOnTimeout (node:internal/timers:605:17)
    at process.processTimers (node:internal/timers:541:7) {
  digest: '1553214380'
}
Error: Only plain objects, and a few built-ins, can be passed to Client Components from Server Components. Classes or null prototypes are not supported.
    at e_ (/home/arafat/My-folder/Projects/projet-web/Notes_App/frontend/node_modules/next/dist/compiled/next-server/app-page.runtime.prod.js:12:139672)
    at Object.toJSON (/home/arafat/My-folder/Projects/projet-web/Notes_App/frontend/node_modules/next/dist/compiled/next-server/app-page.runtime.prod.js:12:135777)
    at stringify (<anonymous>)
    at eE (/home/arafat/My-folder/Projects/projet-web/Notes_App/frontend/node_modules/next/dist/compiled/next-server/app-page.runtime.prod.js:12:142242)
    at eT (/home/arafat/My-folder/Projects/projet-web/Notes_App/frontend/node_modules/next/dist/compiled/next-server/app-page.runtime.prod.js:12:142721)
    at Timeout._onTimeout (/home/arafat/My-folder/Projects/projet-web/Notes_App/frontend/node_modules/next/dist/compiled/next-server/app-page.runtime.prod.js:12:135497)
    at listOnTimeout (node:internal/timers:605:17)
    at process.processTimers (node:internal/timers:541:7) {
  digest: '1553214380'
}
Error: Only plain objects, and a few built-ins, can be passed to Client Components from Server Components. Classes or null prototypes are not supported.
    at e_ (/home/arafat/My-folder/Projects/projet-web/Notes_App/frontend/node_modules/next/dist/compiled/next-server/app-page.runtime.prod.js:12:139672)
    at Object.toJSON (/home/arafat/My-folder/Projects/projet-web/Notes_App/frontend/node_modules/next/dist/compiled/next-server/app-page.runtime.prod.js:12:135777)
    at stringify (<anonymous>)
    at eE (/home/arafat/My-folder/Projects/projet-web/Notes_App/frontend/node_modules/next/dist/compiled/next-server/app-page.runtime.prod.js:12:142242)
    at eT (/home/arafat/My-folder/Projects/projet-web/Notes_App/frontend/node_modules/next/dist/compiled/next-server/app-page.runtime.prod.js:12:142721)
    at AsyncLocalStorage.run (node:internal/async_local_storage/async_context_frame:63:14)
    at Timeout._onTimeout (/home/arafat/My-folder/Projects/projet-web/Notes_App/frontend/node_modules/next/dist/compiled/next-server/app-page.runtime.prod.js:12:150805)
    at listOnTimeout (node:internal/timers:605:17)
    at process.processTimers (node:internal/timers:541:7) {
  digest: '4044643400'
}
Error: Only plain objects, and a few built-ins, can be passed to Client Components from Server Components. Classes or null prototypes are not supported.
    at e_ (/home/arafat/My-folder/Projects/projet-web/Notes_App/frontend/node_modules/next/dist/compiled/next-server/app-page.runtime.prod.js:12:139672)
    at Object.toJSON (/home/arafat/My-folder/Projects/projet-web/Notes_App/frontend/node_modules/next/dist/compiled/next-server/app-page.runtime.prod.js:12:135777)
    at stringify (<anonymous>)
    at eE (/home/arafat/My-folder/Projects/projet-web/Notes_App/frontend/node_modules/next/dist/compiled/next-server/app-page.runtime.prod.js:12:142242)
    at eT (/home/arafat/My-folder/Projects/projet-web/Notes_App/frontend/node_modules/next/dist/compiled/next-server/app-page.runtime.prod.js:12:142721)
    at Timeout._onTimeout (/home/arafat/My-folder/Projects/projet-web/Notes_App/frontend/node_modules/next/dist/compiled/next-server/app-page.runtime.prod.js:12:135497)
    at listOnTimeout (node:internal/timers:605:17)
    at process.processTimers (node:internal/timers:541:7) {
  digest: '1553214380'
}
Error: Only plain objects, and a few built-ins, can be passed to Client Components from Server Components. Classes or null prototypes are not supported.
    at e_ (/home/arafat/My-folder/Projects/projet-web/Notes_App/frontend/node_modules/next/dist/compiled/next-server/app-page.runtime.prod.js:12:139672)
    at Object.toJSON (/home/arafat/My-folder/Projects/projet-web/Notes_App/frontend/node_modules/next/dist/compiled/next-server/app-page.runtime.prod.js:12:135777)
    at stringify (<anonymous>)
    at eE (/home/arafat/My-folder/Projects/projet-web/Notes_App/frontend/node_modules/next/dist/compiled/next-server/app-page.runtime.prod.js:12:142242)
    at eT (/home/arafat/My-folder/Projects/projet-web/Notes_App/frontend/node_modules/next/dist/compiled/next-server/app-page.runtime.prod.js:12:142721)
    at Timeout._onTimeout (/home/arafat/My-folder/Projects/projet-web/Notes_App/frontend/node_modules/next/dist/compiled/next-server/app-page.runtime.prod.js:12:135497)
    at listOnTimeout (node:internal/timers:605:17)
    at process.processTimers (node:internal/timers:541:7) {
  digest: '1553214380'
}
Error: Only plain objects, and a few built-ins, can be passed to Client Components from Server Components. Classes or null prototypes are not supported.
    at e_ (/home/arafat/My-folder/Projects/projet-web/Notes_App/frontend/node_modules/next/dist/compiled/next-server/app-page.runtime.prod.js:12:139672)
    at Object.toJSON (/home/arafat/My-folder/Projects/projet-web/Notes_App/frontend/node_modules/next/dist/compiled/next-server/app-page.runtime.prod.js:12:135777)
    at stringify (<anonymous>)
    at eE (/home/arafat/My-folder/Projects/projet-web/Notes_App/frontend/node_modules/next/dist/compiled/next-server/app-page.runtime.prod.js:12:142242)
    at eT (/home/arafat/My-folder/Projects/projet-web/Notes_App/frontend/node_modules/next/dist/compiled/next-server/app-page.runtime.prod.js:12:142721)
    at Timeout._onTimeout (/home/arafat/My-folder/Projects/projet-web/Notes_App/frontend/node_modules/next/dist/compiled/next-server/app-page.runtime.prod.js:12:135497)
    at listOnTimeout (node:internal/timers:605:17)
    at process.processTimers (node:internal/timers:541:7) {
  digest: '1553214380'
}
Error: Only plain objects, and a few built-ins, can be passed to Client Components from Server Components. Classes or null prototypes are not supported.
    at e_ (/home/arafat/My-folder/Projects/projet-web/Notes_App/frontend/node_modules/next/dist/compiled/next-server/app-page.runtime.prod.js:12:139672)
    at Object.toJSON (/home/arafat/My-folder/Projects/projet-web/Notes_App/frontend/node_modules/next/dist/compiled/next-server/app-page.runtime.prod.js:12:135777)
    at stringify (<anonymous>)
    at eE (/home/arafat/My-folder/Projects/projet-web/Notes_App/frontend/node_modules/next/dist/compiled/next-server/app-page.runtime.prod.js:12:142242)
    at eT (/home/arafat/My-folder/Projects/projet-web/Notes_App/frontend/node_modules/next/dist/compiled/next-server/app-page.runtime.prod.js:12:142721)
    at Timeout._onTimeout (/home/arafat/My-folder/Projects/projet-web/Notes_App/frontend/node_modules/next/dist/compiled/next-server/app-page.runtime.prod.js:12:135497)
    at listOnTimeout (node:internal/timers:605:17)
    at process.processTimers (node:internal/timers:541:7) {
  digest: '1553214380'
}
 ⚠ Sending SIGTERM signal to Next.js build worker due to timeout of 60 seconds. Subsequent errors may be a result of the worker exiting.
 ⨯ Next.js build worker exited with code: null and signal: SIGTERM

> Build error occurred
Error: Static page generation for /_not-found is still timing out after 3 attempts. See more info here https://nextjs.org/docs/messages/static-page-generation-timeout
    at onRestart (/home/arafat/My-folder/Projects/projet-web/Notes_App/frontend/node_modules/next/dist/build/index.js:292:27)
    at /home/arafat/My-folder/Projects/projet-web/Notes_App/frontend/node_modules/next/dist/lib/worker.js:104:40
    at process.processTicksAndRejections (node:internal/process/task_queues:103:5)
    at async /home/arafat/My-folder/Projects/projet-web/Notes_App/frontend/node_modules/next/dist/export/index.js:450:20
    at async Span.traceAsyncFn (/home/arafat/My-folder/Projects/projet-web/Notes_App/frontend/node_modules/next/dist/trace/trace.js:154:20)
    at async /home/arafat/My-folder/Projects/projet-web/Notes_App/frontend/node_modules/next/dist/export/index.js:448:24
    at async Promise.all (index 2)
    at async exportAppImpl (/home/arafat/My-folder/Projects/projet-web/Notes_App/frontend/node_modules/next/dist/export/index.js:440:21)
    at async /home/arafat/My-folder/Projects/projet-web/Notes_App/frontend/node_modules/next/dist/export/index.js:623:16
    at async Span.traceAsyncFn (/home/arafat/My-folder/Projects/projet-web/Notes_App/frontend/node_modules/next/dist/trace/trace.js:154:20)
